  aahd_demosaic.cpp
  adobepano.cpp
  ahd_demosaic.cpp
  apply_profile.cpp
  aspect_ratio.cpp
  canon.cpp
  cameralist.cpp
  canon_600.cpp
  ciff.cpp
  colorconst.cpp
  colordata.cpp
  cr3_parser.cpp
  crx.cpp
  curves.cpp
  dcb_demosaic.cpp
  dcraw_process.cpp
  decoder_info.cpp
  decoders_dcraw.cpp
  decoders_libraw.cpp
  decoders_libraw_dcrdefs.cpp
  dht_demosaic.cpp
  dng.cpp
  dngsdk_glue.cpp
  epson.cpp
  exif_gps.cpp
  ext_preprocess.cpp
  file_write.cpp
  fp_dng.cpp
  fuji.cpp
  fuji_compressed.cpp
  generic.cpp
  hasselblad_model.cpp
  identify.cpp
  identify_tools.cpp
  init_close_utils.cpp
  kodak.cpp
  kodak_decoders.cpp
  leica.cpp
  libraw_c_api.cpp
  libraw_datastream.cpp
  load_mfbacks.cpp
  makernotes.cpp
  mediumformat.cpp
  mem_image.cpp
  minolta.cpp
  misc_demosaic.cpp
  misc_parsers.cpp
  nikon.cpp
  normalize_model.cpp
  olympus.cpp
  open.cpp
  p1.cpp
  pentax.cpp
  phaseone_processing.cpp
  postprocessing_aux.cpp
  postprocessing_utils.cpp
  postprocessing_utils_dcrdefs.cpp
  raw2image.cpp
  rawspeed_glue.cpp
  read_utils.cpp
  samsung.cpp
  smal.cpp
  sony.cpp
  subtract_black.cpp
  thumb_utils.cpp
  tiff.cpp
  tiff_writer.cpp
  unpack.cpp
  unpack_thumb.cpp
  utils_dcraw.cpp
  utils_libraw.cpp
  wblists.cpp
  x3f_parse_process.cpp
  x3f_utils_patched.cpp
  xtrans_demosaic.cpp
     Creating library debug-x86_64\\libraw.lib and object debug-x86_64\\libraw.exp
  libraw.vcxproj -> D:\CODING\python\MFSIG\flock_counter_cpp_qt_cuda\LibRaw-0.21.2\buildfiles\debug-x86_64\libraw.dll
