d:\coding\python\mfsig\flock_counter_cpp_qt_cuda\libraw-0.21.2\buildfiles\debug-x86_64\libraw.obj\adobepano.obj
d:\coding\python\mfsig\flock_counter_cpp_qt_cuda\libraw-0.21.2\buildfiles\debug-x86_64\libraw.obj\canon.obj
d:\coding\python\mfsig\flock_counter_cpp_qt_cuda\libraw-0.21.2\buildfiles\debug-x86_64\libraw.obj\cr3_parser.obj
d:\coding\python\mfsig\flock_counter_cpp_qt_cuda\libraw-0.21.2\buildfiles\debug-x86_64\libraw.obj\dcraw_process.obj
d:\coding\python\mfsig\flock_counter_cpp_qt_cuda\libraw-0.21.2\buildfiles\debug-x86_64\libraw.obj\decoders_libraw.obj
d:\coding\python\mfsig\flock_counter_cpp_qt_cuda\libraw-0.21.2\buildfiles\debug-x86_64\libraw.obj\dngsdk_glue.obj
d:\coding\python\mfsig\flock_counter_cpp_qt_cuda\libraw-0.21.2\buildfiles\debug-x86_64\libraw.obj\file_write.obj
d:\coding\python\mfsig\flock_counter_cpp_qt_cuda\libraw-0.21.2\buildfiles\debug-x86_64\libraw.obj\generic.obj
d:\coding\python\mfsig\flock_counter_cpp_qt_cuda\libraw-0.21.2\buildfiles\debug-x86_64\libraw.obj\init_close_utils.obj
d:\coding\python\mfsig\flock_counter_cpp_qt_cuda\libraw-0.21.2\buildfiles\debug-x86_64\libraw.obj\libraw_c_api.obj
d:\coding\python\mfsig\flock_counter_cpp_qt_cuda\libraw-0.21.2\buildfiles\debug-x86_64\libraw.obj\mediumformat.obj
d:\coding\python\mfsig\flock_counter_cpp_qt_cuda\libraw-0.21.2\buildfiles\debug-x86_64\libraw.obj\misc_parsers.obj
d:\coding\python\mfsig\flock_counter_cpp_qt_cuda\libraw-0.21.2\buildfiles\debug-x86_64\libraw.obj\open.obj
d:\coding\python\mfsig\flock_counter_cpp_qt_cuda\libraw-0.21.2\buildfiles\debug-x86_64\libraw.obj\postprocessing_aux.obj
d:\coding\python\mfsig\flock_counter_cpp_qt_cuda\libraw-0.21.2\buildfiles\debug-x86_64\libraw.obj\rawspeed_glue.obj
d:\coding\python\mfsig\flock_counter_cpp_qt_cuda\libraw-0.21.2\buildfiles\debug-x86_64\libraw.obj\sony.obj
d:\coding\python\mfsig\flock_counter_cpp_qt_cuda\libraw-0.21.2\buildfiles\debug-x86_64\libraw.obj\tiff_writer.obj
d:\coding\python\mfsig\flock_counter_cpp_qt_cuda\libraw-0.21.2\buildfiles\debug-x86_64\libraw.obj\utils_libraw.obj
d:\coding\python\mfsig\flock_counter_cpp_qt_cuda\libraw-0.21.2\buildfiles\debug-x86_64\libraw.obj\aahd_demosaic.obj
d:\coding\python\mfsig\flock_counter_cpp_qt_cuda\libraw-0.21.2\buildfiles\debug-x86_64\libraw.obj\aspect_ratio.obj
d:\coding\python\mfsig\flock_counter_cpp_qt_cuda\libraw-0.21.2\buildfiles\debug-x86_64\libraw.obj\ciff.obj
d:\coding\python\mfsig\flock_counter_cpp_qt_cuda\libraw-0.21.2\buildfiles\debug-x86_64\libraw.obj\crx.obj
d:\coding\python\mfsig\flock_counter_cpp_qt_cuda\libraw-0.21.2\buildfiles\debug-x86_64\libraw.obj\decoders_dcraw.obj
d:\coding\python\mfsig\flock_counter_cpp_qt_cuda\libraw-0.21.2\buildfiles\debug-x86_64\libraw.obj\dng.obj
d:\coding\python\mfsig\flock_counter_cpp_qt_cuda\libraw-0.21.2\buildfiles\debug-x86_64\libraw.obj\ext_preprocess.obj
d:\coding\python\mfsig\flock_counter_cpp_qt_cuda\libraw-0.21.2\buildfiles\debug-x86_64\libraw.obj\fuji_compressed.obj
d:\coding\python\mfsig\flock_counter_cpp_qt_cuda\libraw-0.21.2\buildfiles\debug-x86_64\libraw.obj\identify_tools.obj
d:\coding\python\mfsig\flock_counter_cpp_qt_cuda\libraw-0.21.2\buildfiles\debug-x86_64\libraw.obj\kodak_decoders.obj
d:\coding\python\mfsig\flock_counter_cpp_qt_cuda\libraw-0.21.2\buildfiles\debug-x86_64\libraw.obj\load_mfbacks.obj
d:\coding\python\mfsig\flock_counter_cpp_qt_cuda\libraw-0.21.2\buildfiles\debug-x86_64\libraw.obj\minolta.obj
d:\coding\python\mfsig\flock_counter_cpp_qt_cuda\libraw-0.21.2\buildfiles\debug-x86_64\libraw.obj\normalize_model.obj
d:\coding\python\mfsig\flock_counter_cpp_qt_cuda\libraw-0.21.2\buildfiles\debug-x86_64\libraw.obj\pentax.obj
d:\coding\python\mfsig\flock_counter_cpp_qt_cuda\libraw-0.21.2\buildfiles\debug-x86_64\libraw.obj\postprocessing_utils_dcrdefs.obj
d:\coding\python\mfsig\flock_counter_cpp_qt_cuda\libraw-0.21.2\buildfiles\debug-x86_64\libraw.obj\samsung.obj
d:\coding\python\mfsig\flock_counter_cpp_qt_cuda\libraw-0.21.2\buildfiles\debug-x86_64\libraw.obj\thumb_utils.obj
d:\coding\python\mfsig\flock_counter_cpp_qt_cuda\libraw-0.21.2\buildfiles\debug-x86_64\libraw.obj\unpack_thumb.obj
d:\coding\python\mfsig\flock_counter_cpp_qt_cuda\libraw-0.21.2\buildfiles\debug-x86_64\libraw.obj\x3f_parse_process.obj
d:\coding\python\mfsig\flock_counter_cpp_qt_cuda\libraw-0.21.2\buildfiles\debug-x86_64\libraw.obj\x3f_utils_patched.obj
d:\coding\python\mfsig\flock_counter_cpp_qt_cuda\libraw-0.21.2\buildfiles\debug-x86_64\libraw.obj\xtrans_demosaic.obj
d:\coding\python\mfsig\flock_counter_cpp_qt_cuda\libraw-0.21.2\buildfiles\debug-x86_64\libraw.obj\ahd_demosaic.obj
d:\coding\python\mfsig\flock_counter_cpp_qt_cuda\libraw-0.21.2\buildfiles\debug-x86_64\libraw.obj\cameralist.obj
d:\coding\python\mfsig\flock_counter_cpp_qt_cuda\libraw-0.21.2\buildfiles\debug-x86_64\libraw.obj\colorconst.obj
d:\coding\python\mfsig\flock_counter_cpp_qt_cuda\libraw-0.21.2\buildfiles\debug-x86_64\libraw.obj\curves.obj
d:\coding\python\mfsig\flock_counter_cpp_qt_cuda\libraw-0.21.2\buildfiles\debug-x86_64\libraw.obj\decoder_info.obj
d:\coding\python\mfsig\flock_counter_cpp_qt_cuda\libraw-0.21.2\buildfiles\debug-x86_64\libraw.obj\dht_demosaic.obj
d:\coding\python\mfsig\flock_counter_cpp_qt_cuda\libraw-0.21.2\buildfiles\debug-x86_64\libraw.obj\exif_gps.obj
d:\coding\python\mfsig\flock_counter_cpp_qt_cuda\libraw-0.21.2\buildfiles\debug-x86_64\libraw.obj\fuji.obj
d:\coding\python\mfsig\flock_counter_cpp_qt_cuda\libraw-0.21.2\buildfiles\debug-x86_64\libraw.obj\identify.obj
d:\coding\python\mfsig\flock_counter_cpp_qt_cuda\libraw-0.21.2\buildfiles\debug-x86_64\libraw.obj\leica.obj
d:\coding\python\mfsig\flock_counter_cpp_qt_cuda\libraw-0.21.2\buildfiles\debug-x86_64\libraw.obj\makernotes.obj
d:\coding\python\mfsig\flock_counter_cpp_qt_cuda\libraw-0.21.2\buildfiles\debug-x86_64\libraw.obj\misc_demosaic.obj
d:\coding\python\mfsig\flock_counter_cpp_qt_cuda\libraw-0.21.2\buildfiles\debug-x86_64\libraw.obj\olympus.obj
d:\coding\python\mfsig\flock_counter_cpp_qt_cuda\libraw-0.21.2\buildfiles\debug-x86_64\libraw.obj\phaseone_processing.obj
d:\coding\python\mfsig\flock_counter_cpp_qt_cuda\libraw-0.21.2\buildfiles\debug-x86_64\libraw.obj\raw2image.obj
d:\coding\python\mfsig\flock_counter_cpp_qt_cuda\libraw-0.21.2\buildfiles\debug-x86_64\libraw.obj\smal.obj
d:\coding\python\mfsig\flock_counter_cpp_qt_cuda\libraw-0.21.2\buildfiles\debug-x86_64\libraw.obj\tiff.obj
d:\coding\python\mfsig\flock_counter_cpp_qt_cuda\libraw-0.21.2\buildfiles\debug-x86_64\libraw.obj\utils_dcraw.obj
d:\coding\python\mfsig\flock_counter_cpp_qt_cuda\libraw-0.21.2\buildfiles\debug-x86_64\libraw.obj\apply_profile.obj
d:\coding\python\mfsig\flock_counter_cpp_qt_cuda\libraw-0.21.2\buildfiles\debug-x86_64\libraw.obj\canon_600.obj
d:\coding\python\mfsig\flock_counter_cpp_qt_cuda\libraw-0.21.2\buildfiles\debug-x86_64\libraw.obj\colordata.obj
d:\coding\python\mfsig\flock_counter_cpp_qt_cuda\libraw-0.21.2\buildfiles\debug-x86_64\libraw.obj\dcb_demosaic.obj
d:\coding\python\mfsig\flock_counter_cpp_qt_cuda\libraw-0.21.2\buildfiles\debug-x86_64\libraw.obj\decoders_libraw_dcrdefs.obj
d:\coding\python\mfsig\flock_counter_cpp_qt_cuda\libraw-0.21.2\buildfiles\debug-x86_64\libraw.obj\epson.obj
d:\coding\python\mfsig\flock_counter_cpp_qt_cuda\libraw-0.21.2\buildfiles\debug-x86_64\libraw.obj\fp_dng.obj
d:\coding\python\mfsig\flock_counter_cpp_qt_cuda\libraw-0.21.2\buildfiles\debug-x86_64\libraw.obj\hasselblad_model.obj
d:\coding\python\mfsig\flock_counter_cpp_qt_cuda\libraw-0.21.2\buildfiles\debug-x86_64\libraw.obj\kodak.obj
d:\coding\python\mfsig\flock_counter_cpp_qt_cuda\libraw-0.21.2\buildfiles\debug-x86_64\libraw.obj\libraw_datastream.obj
d:\coding\python\mfsig\flock_counter_cpp_qt_cuda\libraw-0.21.2\buildfiles\debug-x86_64\libraw.obj\mem_image.obj
d:\coding\python\mfsig\flock_counter_cpp_qt_cuda\libraw-0.21.2\buildfiles\debug-x86_64\libraw.obj\nikon.obj
d:\coding\python\mfsig\flock_counter_cpp_qt_cuda\libraw-0.21.2\buildfiles\debug-x86_64\libraw.obj\p1.obj
d:\coding\python\mfsig\flock_counter_cpp_qt_cuda\libraw-0.21.2\buildfiles\debug-x86_64\libraw.obj\postprocessing_utils.obj
d:\coding\python\mfsig\flock_counter_cpp_qt_cuda\libraw-0.21.2\buildfiles\debug-x86_64\libraw.obj\read_utils.obj
d:\coding\python\mfsig\flock_counter_cpp_qt_cuda\libraw-0.21.2\buildfiles\debug-x86_64\libraw.obj\subtract_black.obj
d:\coding\python\mfsig\flock_counter_cpp_qt_cuda\libraw-0.21.2\buildfiles\debug-x86_64\libraw.obj\unpack.obj
d:\coding\python\mfsig\flock_counter_cpp_qt_cuda\libraw-0.21.2\buildfiles\debug-x86_64\libraw.obj\wblists.obj
d:\coding\python\mfsig\flock_counter_cpp_qt_cuda\libraw-0.21.2\buildfiles\debug-x86_64\libraw.obj\vc143.pdb
d:\coding\python\mfsig\flock_counter_cpp_qt_cuda\libraw-0.21.2\buildfiles\debug-x86_64\libraw.ilk
d:\coding\python\mfsig\flock_counter_cpp_qt_cuda\libraw-0.21.2\buildfiles\debug-x86_64\libraw.dll
d:\coding\python\mfsig\flock_counter_cpp_qt_cuda\libraw-0.21.2\buildfiles\debug-x86_64\libraw.pdb
d:\coding\python\mfsig\flock_counter_cpp_qt_cuda\libraw-0.21.2\buildfiles\debug-x86_64\libraw.lib
d:\coding\python\mfsig\flock_counter_cpp_qt_cuda\libraw-0.21.2\buildfiles\debug-x86_64\libraw.exp
d:\coding\python\mfsig\flock_counter_cpp_qt_cuda\libraw-0.21.2\buildfiles\debug-x86_64\libraw.obj\libraw.tlog\cl.10136.write.1.tlog
d:\coding\python\mfsig\flock_counter_cpp_qt_cuda\libraw-0.21.2\buildfiles\debug-x86_64\libraw.obj\libraw.tlog\cl.command.1.tlog
d:\coding\python\mfsig\flock_counter_cpp_qt_cuda\libraw-0.21.2\buildfiles\debug-x86_64\libraw.obj\libraw.tlog\cl.items.tlog
d:\coding\python\mfsig\flock_counter_cpp_qt_cuda\libraw-0.21.2\buildfiles\debug-x86_64\libraw.obj\libraw.tlog\cl.read.1.tlog
d:\coding\python\mfsig\flock_counter_cpp_qt_cuda\libraw-0.21.2\buildfiles\debug-x86_64\libraw.obj\libraw.tlog\link.command.1.tlog
d:\coding\python\mfsig\flock_counter_cpp_qt_cuda\libraw-0.21.2\buildfiles\debug-x86_64\libraw.obj\libraw.tlog\link.read.1.tlog
d:\coding\python\mfsig\flock_counter_cpp_qt_cuda\libraw-0.21.2\buildfiles\debug-x86_64\libraw.obj\libraw.tlog\link.write.1.tlog
d:\coding\python\mfsig\flock_counter_cpp_qt_cuda\libraw-0.21.2\buildfiles\debug-x86_64\libraw.obj\libraw.tlog\link.write.2u.tlog
